<?xml version="1.0" encoding="UTF-8"?>
<!-- Generated by org.testng.reporters.JUnitReportReporter -->
<testsuite hostname="tavete-laptop" name="tests.LoginTests" tests="2" failures="0" timestamp="4 Nov 2016 00:52:34 GMT" time="15.740" errors="0">
  <testcase name="loginOkTest" time="8.388" classname="tests.LoginTests"/>
  <testcase name="loginOkTest" time="7.352" classname="tests.LoginTests"/>
</testsuite> <!-- tests.LoginTests -->
